# JRE version: OpenJDK Runtime Environment (17.0.1+12) (build 17.0.1+12-39)
# Java VM: OpenJDK 64-Bit Server VM (17.0.1+12-39, mixed mode, sharing, tiered, compressed oops, compressed class ptrs, g1 gc, linux-amd64)
GC Precious Log:
 CPUs: 8 total, 8 available
 Memory: 6895M
 Large Page Support: Disabled
 NUMA Support: Disabled
 Compressed Oops: Enabled (32-bit)
 Heap Region Size: 1M
 Heap Min Capacity: 8M
 Heap Initial Capacity: 108M
 Heap Max Capacity: 1724M
 Pre-touch: Disabled
 Parallel Workers: 8
 Concurrent Workers: 2
 Concurrent Refinement Workers: 8
 Periodic GC: Disabled
Heap:
 garbage-first heap   total 48128K, used 29768K [0x0000000094400000, 0x0000000100000000)
  region size 1024K, 16 young (16384K), 0 survivors (0K)
 Metaspace       used 39319K, committed 39680K, reserved 1089536K
  class space    used 4492K, committed 4672K, reserved 1048576K
GC Heap History (20 events):
Event: 1.504 GC heap before
{Heap before GC invocations=1 (full 0):
 garbage-first heap   total 112640K, used 39767K [0x0000000094400000, 0x0000000100000000)
  region size 1024K, 36 young (36864K), 3 survivors (3072K)
 Metaspace       used 12733K, committed 12928K, reserved 1064960K
  class space    used 1564K, committed 1664K, reserved 1048576K
}
Event: 1.511 GC heap after
{Heap after GC invocations=2 (full 0):
 garbage-first heap   total 112640K, used 8153K [0x0000000094400000, 0x0000000100000000)
  region size 1024K, 3 young (3072K), 3 survivors (3072K)
 Metaspace       used 12733K, committed 12928K, reserved 1064960K
  class space    used 1564K, committed 1664K, reserved 1048576K
}
Event: 2.904 GC heap before
{Heap before GC invocations=2 (full 0):
 garbage-first heap   total 112640K, used 57305K [0x0000000094400000, 0x0000000100000000)
  region size 1024K, 52 young (53248K), 3 survivors (3072K)
 Metaspace       used 21314K, committed 21504K, reserved 1073152K
  class space    used 2706K, committed 2816K, reserved 1048576K
}
Event: 2.912 GC heap after
{Heap after GC invocations=3 (full 0):
 garbage-first heap   total 112640K, used 11819K [0x0000000094400000, 0x0000000100000000)
  region size 1024K, 6 young (6144K), 6 survivors (6144K)
 Metaspace       used 21314K, committed 21504K, reserved 1073152K
  class space    used 2706K, committed 2816K, reserved 1048576K
}
Event: 3.415 GC heap before
{Heap before GC invocations=4 (full 0):
 garbage-first heap   total 48128K, used 36395K [0x0000000094400000, 0x0000000100000000)
  region size 1024K, 31 young (31744K), 6 survivors (6144K)
 Metaspace       used 24902K, committed 25152K, reserved 1073152K
  class space    used 3070K, committed 3200K, reserved 1048576K
}
Event: 3.423 GC heap after
{Heap after GC invocations=5 (full 0):
 garbage-first heap   total 48128K, used 13631K [0x0000000094400000, 0x0000000100000000)
  region size 1024K, 6 young (6144K), 6 survivors (6144K)
 Metaspace       used 24902K, committed 25152K, reserved 1073152K
  class space    used 3070K, committed 3200K, reserved 1048576K
}
Event: 3.833 GC heap before
{Heap before GC invocations=5 (full 0):
 garbage-first heap   total 48128K, used 33087K [0x0000000094400000, 0x0000000100000000)
  region size 1024K, 25 young (25600K), 6 survivors (6144K)
 Metaspace       used 26634K, committed 26944K, reserved 1073152K
  class space    used 3289K, committed 3456K, reserved 1048576K
}
Event: 3.838 GC heap after
{Heap after GC invocations=6 (full 0):
 garbage-first heap   total 48128K, used 14755K [0x0000000094400000, 0x0000000100000000)
  region size 1024K, 4 young (4096K), 4 survivors (4096K)
 Metaspace       used 26634K, committed 26944K, reserved 1073152K
  class space    used 3289K, committed 3456K, reserved 1048576K
}
Event: 6.002 GC heap before
{Heap before GC invocations=6 (full 0):
 garbage-first heap   total 48128K, used 33187K [0x0000000094400000, 0x0000000100000000)
  region size 1024K, 22 young (22528K), 4 survivors (4096K)
 Metaspace       used 30795K, committed 31104K, reserved 1081344K
  class space    used 3803K, committed 3968K, reserved 1048576K
}
Event: 6.008 GC heap after
{Heap after GC invocations=7 (full 0):
 garbage-first heap   total 48128K, used 16360K [0x0000000094400000, 0x0000000100000000)
  region size 1024K, 3 young (3072K), 3 survivors (3072K)
 Metaspace       used 30795K, committed 31104K, reserved 1081344K
  class space    used 3803K, committed 3968K, reserved 1048576K
}
Event: 6.339 GC heap before
{Heap before GC invocations=7 (full 0):
 garbage-first heap   total 48128K, used 33768K [0x0000000094400000, 0x0000000100000000)
  region size 1024K, 21 young (21504K), 3 survivors (3072K)
 Metaspace       used 35096K, committed 35392K, reserved 1081344K
  class space    used 4158K, committed 4288K, reserved 1048576K
}
Event: 6.348 GC heap after
{Heap after GC invocations=8 (full 0):
 garbage-first heap   total 48128K, used 17558K [0x0000000094400000, 0x0000000100000000)
  region size 1024K, 2 young (2048K), 2 survivors (2048K)
 Metaspace       used 35096K, committed 35392K, reserved 1081344K
  class space    used 4158K, committed 4288K, reserved 1048576K
}
Event: 6.402 GC heap before
{Heap before GC invocations=8 (full 0):
 garbage-first heap   total 48128K, used 17558K [0x0000000094400000, 0x0000000100000000)
  region size 1024K, 4 young (4096K), 2 survivors (2048K)
 Metaspace       used 35882K, committed 36160K, reserved 1081344K
  class space    used 4207K, committed 4352K, reserved 1048576K
}
Event: 6.404 GC heap after
{Heap after GC invocations=9 (full 0):
 garbage-first heap   total 48128K, used 17363K [0x0000000094400000, 0x0000000100000000)
  region size 1024K, 1 young (1024K), 1 survivors (1024K)
 Metaspace       used 35882K, committed 36160K, reserved 1081344K
  class space    used 4207K, committed 4352K, reserved 1048576K
}
Event: 9.319 GC heap before
{Heap before GC invocations=10 (full 0):
 garbage-first heap   total 48128K, used 34771K [0x0000000094400000, 0x0000000100000000)
  region size 1024K, 19 young (19456K), 1 survivors (1024K)
 Metaspace       used 38338K, committed 38656K, reserved 1089536K
  class space    used 4440K, committed 4608K, reserved 1048576K
}
Event: 9.322 GC heap after
{Heap after GC invocations=11 (full 0):
 garbage-first heap   total 48128K, used 18505K [0x0000000094400000, 0x0000000100000000)
  region size 1024K, 3 young (3072K), 3 survivors (3072K)
 Metaspace       used 38338K, committed 38656K, reserved 1089536K
  class space    used 4440K, committed 4608K, reserved 1048576K
}
Event: 637.624 GC heap before
{Heap before GC invocations=11 (full 0):
 garbage-first heap   total 48128K, used 35913K [0x0000000094400000, 0x0000000100000000)
  region size 1024K, 20 young (20480K), 3 survivors (3072K)
 Metaspace       used 38797K, committed 39168K, reserved 1089536K
  class space    used 4446K, committed 4608K, reserved 1048576K
}
Event: 637.643 GC heap after
{Heap after GC invocations=12 (full 0):
 garbage-first heap   total 48128K, used 18353K [0x0000000094400000, 0x0000000100000000)
  region size 1024K, 2 young (2048K), 2 survivors (2048K)
 Metaspace       used 38797K, committed 39168K, reserved 1089536K
  class space    used 4446K, committed 4608K, reserved 1048576K
}
Event: 1029.277 GC heap before
{Heap before GC invocations=12 (full 0):
 garbage-first heap   total 48128K, used 25521K [0x0000000094400000, 0x0000000100000000)
  region size 1024K, 10 young (10240K), 2 survivors (2048K)
 Metaspace       used 39155K, committed 39552K, reserved 1089536K
  class space    used 4488K, committed 4672K, reserved 1048576K
}
Event: 1029.386 GC heap after
{Heap after GC invocations=13 (full 1):
 garbage-first heap   total 48128K, used 15432K [0x0000000094400000, 0x0000000100000000)
  region size 1024K, 0 young (0K), 0 survivors (0K)
 Metaspace       used 39125K, committed 39552K, reserved 1089536K
  class space    used 4485K, committed 4672K, reserved 1048576K
}

